nohup: ignoring input
/u01/why/0_Dan/KAIROS/lib/python3.6/site-packages/tensorflow/python/framework/dtypes.py:523: FutureWarning: Passing (type, 1) or '1type' as a synonym of type is deprecated; in a future version of numpy, it will be understood as (type, (1,)) / '(1,)type'.
  _np_qint8 = np.dtype([("qint8", np.int8, 1)])
/u01/why/0_Dan/KAIROS/lib/python3.6/site-packages/tensorflow/python/framework/dtypes.py:524: FutureWarning: Passing (type, 1) or '1type' as a synonym of type is deprecated; in a future version of numpy, it will be understood as (type, (1,)) / '(1,)type'.
  _np_quint8 = np.dtype([("quint8", np.uint8, 1)])
/u01/why/0_Dan/KAIROS/lib/python3.6/site-packages/tensorflow/python/framework/dtypes.py:525: FutureWarning: Passing (type, 1) or '1type' as a synonym of type is deprecated; in a future version of numpy, it will be understood as (type, (1,)) / '(1,)type'.
  _np_qint16 = np.dtype([("qint16", np.int16, 1)])
/u01/why/0_Dan/KAIROS/lib/python3.6/site-packages/tensorflow/python/framework/dtypes.py:526: FutureWarning: Passing (type, 1) or '1type' as a synonym of type is deprecated; in a future version of numpy, it will be understood as (type, (1,)) / '(1,)type'.
  _np_quint16 = np.dtype([("quint16", np.uint16, 1)])
/u01/why/0_Dan/KAIROS/lib/python3.6/site-packages/tensorflow/python/framework/dtypes.py:527: FutureWarning: Passing (type, 1) or '1type' as a synonym of type is deprecated; in a future version of numpy, it will be understood as (type, (1,)) / '(1,)type'.
  _np_qint32 = np.dtype([("qint32", np.int32, 1)])
/u01/why/0_Dan/KAIROS/lib/python3.6/site-packages/tensorflow/python/framework/dtypes.py:532: FutureWarning: Passing (type, 1) or '1type' as a synonym of type is deprecated; in a future version of numpy, it will be understood as (type, (1,)) / '(1,)type'.
  np_resource = np.dtype([("resource", np.ubyte, 1)])
WARNING:tensorflow:From /u01/why/0_Dan/event_abstraction/baselines/bilm/elmo.py:89: calling squeeze (from tensorflow.python.ops.array_ops) with squeeze_dims is deprecated and will be removed in a future version.
Instructions for updating:
Use the `axis` argument instead
2019-11-06 23:01:48.216360: I tensorflow/core/platform/cpu_feature_guard.cc:141] Your CPU supports instructions that this TensorFlow binary was not compiled to use: AVX2 FMA
2019-11-06 23:01:48.436428: I tensorflow/core/common_runtime/gpu/gpu_device.cc:1432] Found device 0 with properties: 
name: GeForce GTX 1080 Ti major: 6 minor: 1 memoryClockRate(GHz): 1.6325
pciBusID: 0000:05:00.0
totalMemory: 10.91GiB freeMemory: 9.28GiB
2019-11-06 23:01:48.436488: I tensorflow/core/common_runtime/gpu/gpu_device.cc:1511] Adding visible gpu devices: 0
2019-11-06 23:01:48.837416: I tensorflow/core/common_runtime/gpu/gpu_device.cc:982] Device interconnect StreamExecutor with strength 1 edge matrix:
2019-11-06 23:01:48.837481: I tensorflow/core/common_runtime/gpu/gpu_device.cc:988]      0 
2019-11-06 23:01:48.837493: I tensorflow/core/common_runtime/gpu/gpu_device.cc:1001] 0:   N 
2019-11-06 23:01:48.837822: I tensorflow/core/common_runtime/gpu/gpu_device.cc:1115] Created TensorFlow device (/job:localhost/replica:0/task:0/device:GPU:0 with 8965 MB memory) -> physical GPU (device: 0, name: GeForce GTX 1080 Ti, pci bus id: 0000:05:00.0, compute capability: 6.1)
2019-11-06 23:02:20.236041: I tensorflow/core/common_runtime/gpu/gpu_device.cc:1511] Adding visible gpu devices: 0
2019-11-06 23:02:20.236150: I tensorflow/core/common_runtime/gpu/gpu_device.cc:982] Device interconnect StreamExecutor with strength 1 edge matrix:
2019-11-06 23:02:20.236165: I tensorflow/core/common_runtime/gpu/gpu_device.cc:988]      0 
2019-11-06 23:02:20.236173: I tensorflow/core/common_runtime/gpu/gpu_device.cc:1001] 0:   N 
2019-11-06 23:02:20.236541: I tensorflow/core/common_runtime/gpu/gpu_device.cc:1115] Created TensorFlow device (/job:localhost/replica:0/task:0/device:GPU:0 with 8965 MB memory) -> physical GPU (device: 0, name: GeForce GTX 1080 Ti, pci bus id: 0000:05:00.0, compute capability: 6.1)
WARNING:tensorflow:From /u01/why/0_Dan/KAIROS/lib/python3.6/site-packages/tensorflow/python/util/tf_should_use.py:189: initialize_all_variables (from tensorflow.python.ops.variables) is deprecated and will be removed after 2017-03-02.
Instructions for updating:
Use `tf.global_variables_initializer` instead.
Added 179 stop words.
#Files: 100
46072 rel cases out of 99 articles.
#event_types 3173
label_map [[0. 1.]
 [1. 0.]]   label_weights [9.406288280930992, 0.528070054787612]
WARNING: Currently max_batch_size of elmo encoder is set to 120000
USING SKIP CONNECTIONS
++++++Check_point_1

(100, 1122, 256)
5
Creating encoder type as lstm...
token1.shape: (64, 4453)
Combine mode: concat
num_A_batch = 720
process: 50 / 720. Epoch 1
process: 100 / 720. Epoch 1
process: 150 / 720. Epoch 1
process: 200 / 720. Epoch 1
process: 250 / 720. Epoch 1
process: 300 / 720. Epoch 1
process: 350 / 720. Epoch 1
process: 400 / 720. Epoch 1
process: 450 / 720. Epoch 1
process: 500 / 720. Epoch 1
process: 550 / 720. Epoch 1
process: 600 / 720. Epoch 1
process: 650 / 720. Epoch 1
process: 700 / 720. Epoch 1
process: 720 / 720. Epoch 1
Loss of epoch 1 = 306.94767086207867, which is 0.4263162095306648 per case
Time use: 278
process: 50 / 720. Epoch 2
process: 100 / 720. Epoch 2
process: 150 / 720. Epoch 2
process: 200 / 720. Epoch 2
process: 250 / 720. Epoch 2
process: 300 / 720. Epoch 2
process: 350 / 720. Epoch 2
process: 400 / 720. Epoch 2
process: 450 / 720. Epoch 2
process: 500 / 720. Epoch 2
process: 550 / 720. Epoch 2
process: 600 / 720. Epoch 2
process: 650 / 720. Epoch 2
process: 700 / 720. Epoch 2
process: 720 / 720. Epoch 2
Loss of epoch 2 = 288.2284400463104, which is 0.4003172778420978 per case
Time use: 549
process: 50 / 720. Epoch 3
process: 100 / 720. Epoch 3
process: 150 / 720. Epoch 3
process: 200 / 720. Epoch 3
process: 250 / 720. Epoch 3
process: 300 / 720. Epoch 3
process: 350 / 720. Epoch 3
process: 400 / 720. Epoch 3
process: 450 / 720. Epoch 3
process: 500 / 720. Epoch 3
process: 550 / 720. Epoch 3
process: 600 / 720. Epoch 3
process: 650 / 720. Epoch 3
process: 700 / 720. Epoch 3
process: 720 / 720. Epoch 3
Loss of epoch 3 = 281.08982940018177, which is 0.3904025408335858 per case
Time use: 820
process: 50 / 720. Epoch 4
process: 100 / 720. Epoch 4
process: 150 / 720. Epoch 4
process: 200 / 720. Epoch 4
process: 250 / 720. Epoch 4
process: 300 / 720. Epoch 4
process: 350 / 720. Epoch 4
process: 400 / 720. Epoch 4
process: 450 / 720. Epoch 4
process: 500 / 720. Epoch 4
process: 550 / 720. Epoch 4
process: 600 / 720. Epoch 4
process: 650 / 720. Epoch 4
process: 700 / 720. Epoch 4
process: 720 / 720. Epoch 4
Loss of epoch 4 = 257.4009260237217, which is 0.3575012861440579 per case
Time use: 1091
process: 50 / 720. Epoch 5
process: 100 / 720. Epoch 5
process: 150 / 720. Epoch 5
process: 200 / 720. Epoch 5
process: 250 / 720. Epoch 5
process: 300 / 720. Epoch 5
process: 350 / 720. Epoch 5
process: 400 / 720. Epoch 5
process: 450 / 720. Epoch 5
process: 500 / 720. Epoch 5
process: 550 / 720. Epoch 5
process: 600 / 720. Epoch 5
process: 650 / 720. Epoch 5
process: 700 / 720. Epoch 5
process: 720 / 720. Epoch 5
Loss of epoch 5 = 279.55271315574646, which is 0.38826765716075895 per case
Time use: 1363
process: 50 / 720. Epoch 6
process: 100 / 720. Epoch 6
process: 150 / 720. Epoch 6
process: 200 / 720. Epoch 6
process: 250 / 720. Epoch 6
process: 300 / 720. Epoch 6
process: 350 / 720. Epoch 6
process: 400 / 720. Epoch 6
process: 450 / 720. Epoch 6
process: 500 / 720. Epoch 6
process: 550 / 720. Epoch 6
process: 600 / 720. Epoch 6
process: 650 / 720. Epoch 6
process: 700 / 720. Epoch 6
process: 720 / 720. Epoch 6
Loss of epoch 6 = 248.2804746478796, which is 0.34483399256649944 per case
Time use: 1635
process: 50 / 720. Epoch 7
process: 100 / 720. Epoch 7
process: 150 / 720. Epoch 7
process: 200 / 720. Epoch 7
process: 250 / 720. Epoch 7
process: 300 / 720. Epoch 7
process: 350 / 720. Epoch 7
process: 400 / 720. Epoch 7
process: 450 / 720. Epoch 7
process: 500 / 720. Epoch 7
process: 550 / 720. Epoch 7
process: 600 / 720. Epoch 7
process: 650 / 720. Epoch 7
process: 700 / 720. Epoch 7
process: 720 / 720. Epoch 7
Loss of epoch 7 = 265.7487750351429, which is 0.3690955208821429 per case
Time use: 1906
process: 50 / 720. Epoch 8
process: 100 / 720. Epoch 8
process: 150 / 720. Epoch 8
process: 200 / 720. Epoch 8
process: 250 / 720. Epoch 8
process: 300 / 720. Epoch 8
process: 350 / 720. Epoch 8
process: 400 / 720. Epoch 8
process: 450 / 720. Epoch 8
process: 500 / 720. Epoch 8
process: 550 / 720. Epoch 8
process: 600 / 720. Epoch 8
process: 650 / 720. Epoch 8
process: 700 / 720. Epoch 8
process: 720 / 720. Epoch 8
Loss of epoch 8 = 290.7558814585209, which is 0.4038276131368346 per case
Time use: 2177
process: 50 / 720. Epoch 9
process: 100 / 720. Epoch 9
process: 150 / 720. Epoch 9
process: 200 / 720. Epoch 9
process: 250 / 720. Epoch 9
process: 300 / 720. Epoch 9
process: 350 / 720. Epoch 9
process: 400 / 720. Epoch 9
process: 450 / 720. Epoch 9
process: 500 / 720. Epoch 9
process: 550 / 720. Epoch 9
process: 600 / 720. Epoch 9
process: 650 / 720. Epoch 9
process: 700 / 720. Epoch 9
process: 720 / 720. Epoch 9
Loss of epoch 9 = 246.47806780040264, which is 0.34233064972278143 per case
Time use: 2449
process: 50 / 720. Epoch 10
process: 100 / 720. Epoch 10
process: 150 / 720. Epoch 10
process: 200 / 720. Epoch 10
process: 250 / 720. Epoch 10
process: 300 / 720. Epoch 10
process: 350 / 720. Epoch 10
process: 400 / 720. Epoch 10
process: 450 / 720. Epoch 10
process: 500 / 720. Epoch 10
process: 550 / 720. Epoch 10
process: 600 / 720. Epoch 10
process: 650 / 720. Epoch 10
process: 700 / 720. Epoch 10
process: 720 / 720. Epoch 10
Loss of epoch 10 = 263.9530490487814, which is 0.3666014570121964 per case
Time use: 2720
process: 50 / 720. Epoch 11
process: 100 / 720. Epoch 11
process: 150 / 720. Epoch 11
process: 200 / 720. Epoch 11
process: 250 / 720. Epoch 11
process: 300 / 720. Epoch 11
process: 350 / 720. Epoch 11
process: 400 / 720. Epoch 11
process: 450 / 720. Epoch 11
process: 500 / 720. Epoch 11
process: 550 / 720. Epoch 11
process: 600 / 720. Epoch 11
process: 650 / 720. Epoch 11
process: 700 / 720. Epoch 11
process: 720 / 720. Epoch 11
Loss of epoch 11 = 257.5829054862261, which is 0.35775403539753625 per case
Time use: 2992
process: 50 / 720. Epoch 12
process: 100 / 720. Epoch 12
process: 150 / 720. Epoch 12
process: 200 / 720. Epoch 12
process: 250 / 720. Epoch 12
process: 300 / 720. Epoch 12
process: 350 / 720. Epoch 12
process: 400 / 720. Epoch 12
process: 450 / 720. Epoch 12
process: 500 / 720. Epoch 12
process: 550 / 720. Epoch 12
process: 600 / 720. Epoch 12
process: 650 / 720. Epoch 12
process: 700 / 720. Epoch 12
process: 720 / 720. Epoch 12
Loss of epoch 12 = 250.3294526040554, which is 0.3476797952834103 per case
Time use: 3263
process: 50 / 720. Epoch 13
process: 100 / 720. Epoch 13
process: 150 / 720. Epoch 13
process: 200 / 720. Epoch 13
process: 250 / 720. Epoch 13
process: 300 / 720. Epoch 13
process: 350 / 720. Epoch 13
process: 400 / 720. Epoch 13
process: 450 / 720. Epoch 13
process: 500 / 720. Epoch 13
process: 550 / 720. Epoch 13
process: 600 / 720. Epoch 13
process: 650 / 720. Epoch 13
process: 700 / 720. Epoch 13
process: 720 / 720. Epoch 13
Loss of epoch 13 = 246.85382449626923, which is 0.34285253402259613 per case
Time use: 3535
process: 50 / 720. Epoch 14
process: 100 / 720. Epoch 14
process: 150 / 720. Epoch 14
process: 200 / 720. Epoch 14
process: 250 / 720. Epoch 14
process: 300 / 720. Epoch 14
process: 350 / 720. Epoch 14
process: 400 / 720. Epoch 14
process: 450 / 720. Epoch 14
process: 500 / 720. Epoch 14
process: 550 / 720. Epoch 14
process: 600 / 720. Epoch 14
process: 650 / 720. Epoch 14
process: 700 / 720. Epoch 14
process: 720 / 720. Epoch 14
Loss of epoch 14 = 261.278388351202, which is 0.36288665048778057 per case
Time use: 3806
process: 50 / 720. Epoch 15
process: 100 / 720. Epoch 15
process: 150 / 720. Epoch 15
process: 200 / 720. Epoch 15
process: 250 / 720. Epoch 15
process: 300 / 720. Epoch 15
process: 350 / 720. Epoch 15
process: 400 / 720. Epoch 15
process: 450 / 720. Epoch 15
process: 500 / 720. Epoch 15
process: 550 / 720. Epoch 15
process: 600 / 720. Epoch 15
process: 650 / 720. Epoch 15
process: 700 / 720. Epoch 15
process: 720 / 720. Epoch 15
Loss of epoch 15 = 263.6965501457453, which is 0.3662452085357573 per case
Time use: 4077
process: 50 / 720. Epoch 16
process: 100 / 720. Epoch 16
process: 150 / 720. Epoch 16
process: 200 / 720. Epoch 16
process: 250 / 720. Epoch 16
process: 300 / 720. Epoch 16
process: 350 / 720. Epoch 16
process: 400 / 720. Epoch 16
process: 450 / 720. Epoch 16
process: 500 / 720. Epoch 16
process: 550 / 720. Epoch 16
process: 600 / 720. Epoch 16
process: 650 / 720. Epoch 16
process: 700 / 720. Epoch 16
process: 720 / 720. Epoch 16
Loss of epoch 16 = 267.3837626427412, which is 0.3713663370038072 per case
Time use: 4348
process: 50 / 720. Epoch 17
process: 100 / 720. Epoch 17
process: 150 / 720. Epoch 17
process: 200 / 720. Epoch 17
process: 250 / 720. Epoch 17
process: 300 / 720. Epoch 17
process: 350 / 720. Epoch 17
process: 400 / 720. Epoch 17
process: 450 / 720. Epoch 17
process: 500 / 720. Epoch 17
process: 550 / 720. Epoch 17
process: 600 / 720. Epoch 17
process: 650 / 720. Epoch 17
process: 700 / 720. Epoch 17
process: 720 / 720. Epoch 17
Loss of epoch 17 = 268.6831758618355, which is 0.37317107758588264 per case
Time use: 4619
process: 50 / 720. Epoch 18
process: 100 / 720. Epoch 18
process: 150 / 720. Epoch 18
process: 200 / 720. Epoch 18
process: 250 / 720. Epoch 18
process: 300 / 720. Epoch 18
process: 350 / 720. Epoch 18
process: 400 / 720. Epoch 18
process: 450 / 720. Epoch 18
process: 500 / 720. Epoch 18
process: 550 / 720. Epoch 18
process: 600 / 720. Epoch 18
process: 650 / 720. Epoch 18
process: 700 / 720. Epoch 18
process: 720 / 720. Epoch 18
Loss of epoch 18 = 272.09252148866653, which is 0.3779062798453702 per case
Time use: 4890
process: 50 / 720. Epoch 19
process: 100 / 720. Epoch 19
process: 150 / 720. Epoch 19
process: 200 / 720. Epoch 19
process: 250 / 720. Epoch 19
process: 300 / 720. Epoch 19
process: 350 / 720. Epoch 19
process: 400 / 720. Epoch 19
process: 450 / 720. Epoch 19
process: 500 / 720. Epoch 19
process: 550 / 720. Epoch 19
process: 600 / 720. Epoch 19
process: 650 / 720. Epoch 19
process: 700 / 720. Epoch 19
process: 720 / 720. Epoch 19
Loss of epoch 19 = 255.76800176501274, which is 0.3552333357847399 per case
Time use: 5162
process: 50 / 720. Epoch 20
process: 100 / 720. Epoch 20
process: 150 / 720. Epoch 20
process: 200 / 720. Epoch 20
process: 250 / 720. Epoch 20
process: 300 / 720. Epoch 20
process: 350 / 720. Epoch 20
process: 400 / 720. Epoch 20
process: 450 / 720. Epoch 20
process: 500 / 720. Epoch 20
process: 550 / 720. Epoch 20
process: 600 / 720. Epoch 20
process: 650 / 720. Epoch 20
process: 700 / 720. Epoch 20
process: 720 / 720. Epoch 20
Loss of epoch 20 = 247.51722176373005, which is 0.34377391911629174 per case
Time use: 5433
process: 50 / 720. Epoch 21
process: 100 / 720. Epoch 21
process: 150 / 720. Epoch 21
process: 200 / 720. Epoch 21
process: 250 / 720. Epoch 21
process: 300 / 720. Epoch 21
process: 350 / 720. Epoch 21
process: 400 / 720. Epoch 21
process: 450 / 720. Epoch 21
process: 500 / 720. Epoch 21
process: 550 / 720. Epoch 21
process: 600 / 720. Epoch 21
process: 650 / 720. Epoch 21
process: 700 / 720. Epoch 21
process: 720 / 720. Epoch 21
Loss of epoch 21 = 247.92834199965, which is 0.34434491944395834 per case
Time use: 5704
process: 50 / 720. Epoch 22
process: 100 / 720. Epoch 22
process: 150 / 720. Epoch 22
process: 200 / 720. Epoch 22
process: 250 / 720. Epoch 22
process: 300 / 720. Epoch 22
process: 350 / 720. Epoch 22
process: 400 / 720. Epoch 22
process: 450 / 720. Epoch 22
process: 500 / 720. Epoch 22
process: 550 / 720. Epoch 22
process: 600 / 720. Epoch 22
process: 650 / 720. Epoch 22
process: 700 / 720. Epoch 22
process: 720 / 720. Epoch 22
Loss of epoch 22 = 237.0276682972908, which is 0.32920509485734833 per case
Time use: 5975
process: 50 / 720. Epoch 23
process: 100 / 720. Epoch 23
process: 150 / 720. Epoch 23
process: 200 / 720. Epoch 23
process: 250 / 720. Epoch 23
process: 300 / 720. Epoch 23
process: 350 / 720. Epoch 23
process: 400 / 720. Epoch 23
process: 450 / 720. Epoch 23
process: 500 / 720. Epoch 23
process: 550 / 720. Epoch 23
process: 600 / 720. Epoch 23
process: 650 / 720. Epoch 23
process: 700 / 720. Epoch 23
process: 720 / 720. Epoch 23
Loss of epoch 23 = 245.5378795415163, which is 0.34102483269655043 per case
Time use: 6246
process: 50 / 720. Epoch 24
process: 100 / 720. Epoch 24
process: 150 / 720. Epoch 24
process: 200 / 720. Epoch 24
process: 250 / 720. Epoch 24
process: 300 / 720. Epoch 24
process: 350 / 720. Epoch 24
process: 400 / 720. Epoch 24
process: 450 / 720. Epoch 24
process: 500 / 720. Epoch 24
process: 550 / 720. Epoch 24
process: 600 / 720. Epoch 24
process: 650 / 720. Epoch 24
process: 700 / 720. Epoch 24
process: 720 / 720. Epoch 24
Loss of epoch 24 = 256.7954880744219, which is 0.35666040010336375 per case
Time use: 6517
process: 50 / 720. Epoch 25
process: 100 / 720. Epoch 25
process: 150 / 720. Epoch 25
process: 200 / 720. Epoch 25
process: 250 / 720. Epoch 25
process: 300 / 720. Epoch 25
process: 350 / 720. Epoch 25
process: 400 / 720. Epoch 25
process: 450 / 720. Epoch 25
process: 500 / 720. Epoch 25
process: 550 / 720. Epoch 25
process: 600 / 720. Epoch 25
process: 650 / 720. Epoch 25
process: 700 / 720. Epoch 25
process: 720 / 720. Epoch 25
Loss of epoch 25 = 263.06880237162113, which is 0.3653733366272516 per case
Time use: 6788
process: 50 / 720. Epoch 26
process: 100 / 720. Epoch 26
process: 150 / 720. Epoch 26
process: 200 / 720. Epoch 26
process: 250 / 720. Epoch 26
process: 300 / 720. Epoch 26
process: 350 / 720. Epoch 26
process: 400 / 720. Epoch 26
process: 450 / 720. Epoch 26
process: 500 / 720. Epoch 26
process: 550 / 720. Epoch 26
process: 600 / 720. Epoch 26
process: 650 / 720. Epoch 26
process: 700 / 720. Epoch 26
process: 720 / 720. Epoch 26
Loss of epoch 26 = 273.1177146732807, which is 0.37933015926844543 per case
Time use: 7058
process: 50 / 720. Epoch 27
process: 100 / 720. Epoch 27
process: 150 / 720. Epoch 27
process: 200 / 720. Epoch 27
process: 250 / 720. Epoch 27
process: 300 / 720. Epoch 27
process: 350 / 720. Epoch 27
process: 400 / 720. Epoch 27
process: 450 / 720. Epoch 27
process: 500 / 720. Epoch 27
process: 550 / 720. Epoch 27
process: 600 / 720. Epoch 27
process: 650 / 720. Epoch 27
process: 700 / 720. Epoch 27
process: 720 / 720. Epoch 27
Loss of epoch 27 = 240.2128120213747, which is 0.33362890558524266 per case
Time use: 7329
process: 50 / 720. Epoch 28
process: 100 / 720. Epoch 28
process: 150 / 720. Epoch 28
process: 200 / 720. Epoch 28
process: 250 / 720. Epoch 28
process: 300 / 720. Epoch 28
process: 350 / 720. Epoch 28
process: 400 / 720. Epoch 28
process: 450 / 720. Epoch 28
process: 500 / 720. Epoch 28
process: 550 / 720. Epoch 28
process: 600 / 720. Epoch 28
process: 650 / 720. Epoch 28
process: 700 / 720. Epoch 28
process: 720 / 720. Epoch 28
Loss of epoch 28 = 267.24862813949585, which is 0.37117865019374424 per case
Time use: 7600
process: 50 / 720. Epoch 29
process: 100 / 720. Epoch 29
process: 150 / 720. Epoch 29
process: 200 / 720. Epoch 29
process: 250 / 720. Epoch 29
process: 300 / 720. Epoch 29
process: 350 / 720. Epoch 29
process: 400 / 720. Epoch 29
process: 450 / 720. Epoch 29
process: 500 / 720. Epoch 29
process: 550 / 720. Epoch 29
process: 600 / 720. Epoch 29
process: 650 / 720. Epoch 29
process: 700 / 720. Epoch 29
process: 720 / 720. Epoch 29
Loss of epoch 29 = 247.1437449902296, which is 0.3432552013753189 per case
Time use: 7871
process: 50 / 720. Epoch 30
process: 100 / 720. Epoch 30
process: 150 / 720. Epoch 30
process: 200 / 720. Epoch 30
process: 250 / 720. Epoch 30
process: 300 / 720. Epoch 30
process: 350 / 720. Epoch 30
process: 400 / 720. Epoch 30
process: 450 / 720. Epoch 30
process: 500 / 720. Epoch 30
process: 550 / 720. Epoch 30
process: 600 / 720. Epoch 30
process: 650 / 720. Epoch 30
process: 700 / 720. Epoch 30
process: 720 / 720. Epoch 30
Loss of epoch 30 = 240.112888738513, which is 0.3334901232479347 per case
Time use: 8141
process: 50 / 720. Epoch 31
process: 100 / 720. Epoch 31
process: 150 / 720. Epoch 31
process: 200 / 720. Epoch 31
process: 250 / 720. Epoch 31
process: 300 / 720. Epoch 31
process: 350 / 720. Epoch 31
process: 400 / 720. Epoch 31
process: 450 / 720. Epoch 31
process: 500 / 720. Epoch 31
process: 550 / 720. Epoch 31
process: 600 / 720. Epoch 31
process: 650 / 720. Epoch 31
process: 700 / 720. Epoch 31
process: 720 / 720. Epoch 31
Loss of epoch 31 = 240.92598693072796, which is 0.3346194262926777 per case
Time use: 8412
process: 50 / 720. Epoch 32
process: 100 / 720. Epoch 32
process: 150 / 720. Epoch 32
process: 200 / 720. Epoch 32
process: 250 / 720. Epoch 32
process: 300 / 720. Epoch 32
process: 350 / 720. Epoch 32
process: 400 / 720. Epoch 32
process: 450 / 720. Epoch 32
process: 500 / 720. Epoch 32
process: 550 / 720. Epoch 32
process: 600 / 720. Epoch 32
process: 650 / 720. Epoch 32
process: 700 / 720. Epoch 32
process: 720 / 720. Epoch 32
Loss of epoch 32 = 247.17911756038666, which is 0.34330432994498145 per case
Time use: 8683
process: 50 / 720. Epoch 33
process: 100 / 720. Epoch 33
process: 150 / 720. Epoch 33
process: 200 / 720. Epoch 33
process: 250 / 720. Epoch 33
process: 300 / 720. Epoch 33
process: 350 / 720. Epoch 33
process: 400 / 720. Epoch 33
process: 450 / 720. Epoch 33
process: 500 / 720. Epoch 33
process: 550 / 720. Epoch 33
process: 600 / 720. Epoch 33
process: 650 / 720. Epoch 33
process: 700 / 720. Epoch 33
process: 720 / 720. Epoch 33
Loss of epoch 33 = 226.50757445394993, which is 0.3145938534082638 per case
Time use: 8954
process: 50 / 720. Epoch 34
process: 100 / 720. Epoch 34
process: 150 / 720. Epoch 34
process: 200 / 720. Epoch 34
process: 250 / 720. Epoch 34
process: 300 / 720. Epoch 34
process: 350 / 720. Epoch 34
process: 400 / 720. Epoch 34
process: 450 / 720. Epoch 34
process: 500 / 720. Epoch 34
process: 550 / 720. Epoch 34
process: 600 / 720. Epoch 34
process: 650 / 720. Epoch 34
process: 700 / 720. Epoch 34
process: 720 / 720. Epoch 34
Loss of epoch 34 = 261.13233438134193, which is 0.3626837977518638 per case
Time use: 9225
process: 50 / 720. Epoch 35
process: 100 / 720. Epoch 35
process: 150 / 720. Epoch 35
process: 200 / 720. Epoch 35
process: 250 / 720. Epoch 35
process: 300 / 720. Epoch 35
process: 350 / 720. Epoch 35
process: 400 / 720. Epoch 35
process: 450 / 720. Epoch 35
process: 500 / 720. Epoch 35
process: 550 / 720. Epoch 35
process: 600 / 720. Epoch 35
process: 650 / 720. Epoch 35
process: 700 / 720. Epoch 35
process: 720 / 720. Epoch 35
Loss of epoch 35 = 239.3741255402565, which is 0.33246406325035627 per case
Time use: 9497
process: 50 / 720. Epoch 36
process: 100 / 720. Epoch 36
process: 150 / 720. Epoch 36
process: 200 / 720. Epoch 36
process: 250 / 720. Epoch 36
process: 300 / 720. Epoch 36
process: 350 / 720. Epoch 36
process: 400 / 720. Epoch 36
process: 450 / 720. Epoch 36
process: 500 / 720. Epoch 36
process: 550 / 720. Epoch 36
process: 600 / 720. Epoch 36
process: 650 / 720. Epoch 36
process: 700 / 720. Epoch 36
process: 720 / 720. Epoch 36
Loss of epoch 36 = 240.2881119698286, which is 0.33373348884698417 per case
Time use: 9768
process: 50 / 720. Epoch 37
process: 100 / 720. Epoch 37
process: 150 / 720. Epoch 37
process: 200 / 720. Epoch 37
process: 250 / 720. Epoch 37
process: 300 / 720. Epoch 37
process: 350 / 720. Epoch 37
process: 400 / 720. Epoch 37
process: 450 / 720. Epoch 37
process: 500 / 720. Epoch 37
process: 550 / 720. Epoch 37
process: 600 / 720. Epoch 37
process: 650 / 720. Epoch 37
process: 700 / 720. Epoch 37
process: 720 / 720. Epoch 37
Loss of epoch 37 = 251.00668846070766, which is 0.34862040063987176 per case
Time use: 10039
process: 50 / 720. Epoch 38
process: 100 / 720. Epoch 38
process: 150 / 720. Epoch 38
process: 200 / 720. Epoch 38
process: 250 / 720. Epoch 38
process: 300 / 720. Epoch 38
process: 350 / 720. Epoch 38
process: 400 / 720. Epoch 38
process: 450 / 720. Epoch 38
process: 500 / 720. Epoch 38
process: 550 / 720. Epoch 38
process: 600 / 720. Epoch 38
process: 650 / 720. Epoch 38
process: 700 / 720. Epoch 38
process: 720 / 720. Epoch 38
Loss of epoch 38 = 269.6157525628805, which is 0.37446632300400073 per case
Time use: 10310
process: 50 / 720. Epoch 39
process: 100 / 720. Epoch 39
process: 150 / 720. Epoch 39
process: 200 / 720. Epoch 39
process: 250 / 720. Epoch 39
process: 300 / 720. Epoch 39
process: 350 / 720. Epoch 39
process: 400 / 720. Epoch 39
process: 450 / 720. Epoch 39
process: 500 / 720. Epoch 39
process: 550 / 720. Epoch 39
process: 600 / 720. Epoch 39
process: 650 / 720. Epoch 39
process: 700 / 720. Epoch 39
process: 720 / 720. Epoch 39
Loss of epoch 39 = 237.82491102814674, which is 0.3303123764279816 per case
Time use: 10581
process: 50 / 720. Epoch 40
process: 100 / 720. Epoch 40
process: 150 / 720. Epoch 40
process: 200 / 720. Epoch 40
process: 250 / 720. Epoch 40
process: 300 / 720. Epoch 40
process: 350 / 720. Epoch 40
process: 400 / 720. Epoch 40
process: 450 / 720. Epoch 40
process: 500 / 720. Epoch 40
process: 550 / 720. Epoch 40
process: 600 / 720. Epoch 40
process: 650 / 720. Epoch 40
process: 700 / 720. Epoch 40
process: 720 / 720. Epoch 40
Loss of epoch 40 = 244.18984976410866, which is 0.33915256911681757 per case
Time use: 10852
process: 50 / 720. Epoch 41
process: 100 / 720. Epoch 41
process: 150 / 720. Epoch 41
process: 200 / 720. Epoch 41
process: 250 / 720. Epoch 41
process: 300 / 720. Epoch 41
process: 350 / 720. Epoch 41
process: 400 / 720. Epoch 41
process: 450 / 720. Epoch 41
process: 500 / 720. Epoch 41
process: 550 / 720. Epoch 41
process: 600 / 720. Epoch 41
process: 650 / 720. Epoch 41
process: 700 / 720. Epoch 41
process: 720 / 720. Epoch 41
Loss of epoch 41 = 267.9889683127403, which is 0.37220690043436155 per case
Time use: 11123
process: 50 / 720. Epoch 42
process: 100 / 720. Epoch 42
process: 150 / 720. Epoch 42
process: 200 / 720. Epoch 42
process: 250 / 720. Epoch 42
process: 300 / 720. Epoch 42
process: 350 / 720. Epoch 42
process: 400 / 720. Epoch 42
process: 450 / 720. Epoch 42
process: 500 / 720. Epoch 42
process: 550 / 720. Epoch 42
process: 600 / 720. Epoch 42
process: 650 / 720. Epoch 42
process: 700 / 720. Epoch 42
process: 720 / 720. Epoch 42
Loss of epoch 42 = 229.92826662957668, which is 0.31934481476330095 per case
Time use: 11394
process: 50 / 720. Epoch 43
process: 100 / 720. Epoch 43
process: 150 / 720. Epoch 43
process: 200 / 720. Epoch 43
process: 250 / 720. Epoch 43
process: 300 / 720. Epoch 43
process: 350 / 720. Epoch 43
process: 400 / 720. Epoch 43
process: 450 / 720. Epoch 43
process: 500 / 720. Epoch 43
process: 550 / 720. Epoch 43
process: 600 / 720. Epoch 43
process: 650 / 720. Epoch 43
process: 700 / 720. Epoch 43
process: 720 / 720. Epoch 43
Loss of epoch 43 = 230.57956038415432, which is 0.3202493894224366 per case
Time use: 11665
process: 50 / 720. Epoch 44
process: 100 / 720. Epoch 44
process: 150 / 720. Epoch 44
process: 200 / 720. Epoch 44
process: 250 / 720. Epoch 44
process: 300 / 720. Epoch 44
process: 350 / 720. Epoch 44
process: 400 / 720. Epoch 44
process: 450 / 720. Epoch 44
process: 500 / 720. Epoch 44
process: 550 / 720. Epoch 44
process: 600 / 720. Epoch 44
process: 650 / 720. Epoch 44
process: 700 / 720. Epoch 44
process: 720 / 720. Epoch 44
Loss of epoch 44 = 260.2192570269108, which is 0.3614156347595983 per case
Time use: 11936
process: 50 / 720. Epoch 45
process: 100 / 720. Epoch 45
process: 150 / 720. Epoch 45
process: 200 / 720. Epoch 45
process: 250 / 720. Epoch 45
process: 300 / 720. Epoch 45
process: 350 / 720. Epoch 45
process: 400 / 720. Epoch 45
process: 450 / 720. Epoch 45
process: 500 / 720. Epoch 45
process: 550 / 720. Epoch 45
process: 600 / 720. Epoch 45
process: 650 / 720. Epoch 45
process: 700 / 720. Epoch 45
process: 720 / 720. Epoch 45
Loss of epoch 45 = 237.34306733310223, which is 0.3296431490737531 per case
Time use: 12207
process: 50 / 720. Epoch 46
process: 100 / 720. Epoch 46
process: 150 / 720. Epoch 46
process: 200 / 720. Epoch 46
process: 250 / 720. Epoch 46
process: 300 / 720. Epoch 46
process: 350 / 720. Epoch 46
process: 400 / 720. Epoch 46
process: 450 / 720. Epoch 46
process: 500 / 720. Epoch 46
process: 550 / 720. Epoch 46
process: 600 / 720. Epoch 46
process: 650 / 720. Epoch 46
process: 700 / 720. Epoch 46
process: 720 / 720. Epoch 46
Loss of epoch 46 = 256.91328187286854, which is 0.3568240026012063 per case
Time use: 12478
process: 50 / 720. Epoch 47
process: 100 / 720. Epoch 47
process: 150 / 720. Epoch 47
process: 200 / 720. Epoch 47
process: 250 / 720. Epoch 47
process: 300 / 720. Epoch 47
process: 350 / 720. Epoch 47
process: 400 / 720. Epoch 47
process: 450 / 720. Epoch 47
process: 500 / 720. Epoch 47
process: 550 / 720. Epoch 47
process: 600 / 720. Epoch 47
process: 650 / 720. Epoch 47
process: 700 / 720. Epoch 47
process: 720 / 720. Epoch 47
Loss of epoch 47 = 253.9565623998642, which is 0.3527174477775892 per case
Time use: 12749
process: 50 / 720. Epoch 48
process: 100 / 720. Epoch 48
process: 150 / 720. Epoch 48
process: 200 / 720. Epoch 48
process: 250 / 720. Epoch 48
process: 300 / 720. Epoch 48
process: 350 / 720. Epoch 48
process: 400 / 720. Epoch 48
process: 450 / 720. Epoch 48
process: 500 / 720. Epoch 48
process: 550 / 720. Epoch 48
process: 600 / 720. Epoch 48
process: 650 / 720. Epoch 48
process: 700 / 720. Epoch 48
process: 720 / 720. Epoch 48
Loss of epoch 48 = 243.1666254401207, which is 0.33773142422238983 per case
Time use: 13020
process: 50 / 720. Epoch 49
process: 100 / 720. Epoch 49
process: 150 / 720. Epoch 49
process: 200 / 720. Epoch 49
process: 250 / 720. Epoch 49
process: 300 / 720. Epoch 49
process: 350 / 720. Epoch 49
process: 400 / 720. Epoch 49
process: 450 / 720. Epoch 49
process: 500 / 720. Epoch 49
process: 550 / 720. Epoch 49
process: 600 / 720. Epoch 49
process: 650 / 720. Epoch 49
process: 700 / 720. Epoch 49
process: 720 / 720. Epoch 49
Loss of epoch 49 = 249.66850697994232, which is 0.3467618152499199 per case
Time use: 13292
process: 50 / 720. Epoch 50
process: 100 / 720. Epoch 50
process: 150 / 720. Epoch 50
process: 200 / 720. Epoch 50
process: 250 / 720. Epoch 50
process: 300 / 720. Epoch 50
process: 350 / 720. Epoch 50
process: 400 / 720. Epoch 50
process: 450 / 720. Epoch 50
process: 500 / 720. Epoch 50
process: 550 / 720. Epoch 50
process: 600 / 720. Epoch 50
process: 650 / 720. Epoch 50
process: 700 / 720. Epoch 50
process: 720 / 720. Epoch 50
Loss of epoch 50 = 243.5381830483675, which is 0.33824747645606595 per case
Time use: 13565
process: 50 / 720. Epoch 51
process: 100 / 720. Epoch 51
process: 150 / 720. Epoch 51
process: 200 / 720. Epoch 51
process: 250 / 720. Epoch 51
process: 300 / 720. Epoch 51
process: 350 / 720. Epoch 51
process: 400 / 720. Epoch 51
process: 450 / 720. Epoch 51
process: 500 / 720. Epoch 51
process: 550 / 720. Epoch 51
process: 600 / 720. Epoch 51
process: 650 / 720. Epoch 51
process: 700 / 720. Epoch 51
process: 720 / 720. Epoch 51
Loss of epoch 51 = 266.3954638540745, which is 0.36999369979732566 per case
Time use: 13839
process: 50 / 720. Epoch 52
process: 100 / 720. Epoch 52
process: 150 / 720. Epoch 52
process: 200 / 720. Epoch 52
process: 250 / 720. Epoch 52
process: 300 / 720. Epoch 52
process: 350 / 720. Epoch 52
process: 400 / 720. Epoch 52
process: 450 / 720. Epoch 52
process: 500 / 720. Epoch 52
process: 550 / 720. Epoch 52
process: 600 / 720. Epoch 52
process: 650 / 720. Epoch 52
process: 700 / 720. Epoch 52
process: 720 / 720. Epoch 52
Loss of epoch 52 = 246.23363980650902, which is 0.3419911663979292 per case
Time use: 14112
process: 50 / 720. Epoch 53
process: 100 / 720. Epoch 53
process: 150 / 720. Epoch 53
process: 200 / 720. Epoch 53
process: 250 / 720. Epoch 53
process: 300 / 720. Epoch 53
process: 350 / 720. Epoch 53
process: 400 / 720. Epoch 53
process: 450 / 720. Epoch 53
process: 500 / 720. Epoch 53
process: 550 / 720. Epoch 53
process: 600 / 720. Epoch 53
process: 650 / 720. Epoch 53
process: 700 / 720. Epoch 53
process: 720 / 720. Epoch 53
Loss of epoch 53 = 252.16267186403275, which is 0.3502259331444899 per case
Time use: 14385
process: 50 / 720. Epoch 54
process: 100 / 720. Epoch 54
process: 150 / 720. Epoch 54
process: 200 / 720. Epoch 54
process: 250 / 720. Epoch 54
process: 300 / 720. Epoch 54
process: 350 / 720. Epoch 54
process: 400 / 720. Epoch 54
process: 450 / 720. Epoch 54
process: 500 / 720. Epoch 54
process: 550 / 720. Epoch 54
process: 600 / 720. Epoch 54
process: 650 / 720. Epoch 54
process: 700 / 720. Epoch 54
process: 720 / 720. Epoch 54
Loss of epoch 54 = 279.6708108782768, which is 0.38843168177538445 per case
Time use: 14659
process: 50 / 720. Epoch 55
process: 100 / 720. Epoch 55
process: 150 / 720. Epoch 55
process: 200 / 720. Epoch 55
process: 250 / 720. Epoch 55
process: 300 / 720. Epoch 55
process: 350 / 720. Epoch 55
process: 400 / 720. Epoch 55
process: 450 / 720. Epoch 55
process: 500 / 720. Epoch 55
process: 550 / 720. Epoch 55
process: 600 / 720. Epoch 55
process: 650 / 720. Epoch 55
process: 700 / 720. Epoch 55
process: 720 / 720. Epoch 55
Loss of epoch 55 = 234.30913215875626, which is 0.3254293502204948 per case
Time use: 14933
process: 50 / 720. Epoch 56
process: 100 / 720. Epoch 56
process: 150 / 720. Epoch 56
process: 200 / 720. Epoch 56
process: 250 / 720. Epoch 56
process: 300 / 720. Epoch 56
process: 350 / 720. Epoch 56
process: 400 / 720. Epoch 56
process: 450 / 720. Epoch 56
process: 500 / 720. Epoch 56
process: 550 / 720. Epoch 56
process: 600 / 720. Epoch 56
process: 650 / 720. Epoch 56
process: 700 / 720. Epoch 56
process: 720 / 720. Epoch 56
Loss of epoch 56 = 253.98051717877388, which is 0.35275071830385263 per case
Time use: 15206
process: 50 / 720. Epoch 57
process: 100 / 720. Epoch 57
process: 150 / 720. Epoch 57
process: 200 / 720. Epoch 57
process: 250 / 720. Epoch 57
process: 300 / 720. Epoch 57
process: 350 / 720. Epoch 57
process: 400 / 720. Epoch 57
process: 450 / 720. Epoch 57
process: 500 / 720. Epoch 57
process: 550 / 720. Epoch 57
process: 600 / 720. Epoch 57
process: 650 / 720. Epoch 57
process: 700 / 720. Epoch 57
process: 720 / 720. Epoch 57
Loss of epoch 57 = 258.1498670876026, which is 0.35854148206611475 per case
Time use: 15480
process: 50 / 720. Epoch 58
process: 100 / 720. Epoch 58
process: 150 / 720. Epoch 58
process: 200 / 720. Epoch 58
process: 250 / 720. Epoch 58
process: 300 / 720. Epoch 58
process: 350 / 720. Epoch 58
process: 400 / 720. Epoch 58
process: 450 / 720. Epoch 58
process: 500 / 720. Epoch 58
process: 550 / 720. Epoch 58
process: 600 / 720. Epoch 58
process: 650 / 720. Epoch 58
process: 700 / 720. Epoch 58
process: 720 / 720. Epoch 58
Loss of epoch 58 = 246.4308522194624, which is 0.3422650725270311 per case
Time use: 15754
process: 50 / 720. Epoch 59
process: 100 / 720. Epoch 59
process: 150 / 720. Epoch 59
process: 200 / 720. Epoch 59
process: 250 / 720. Epoch 59
process: 300 / 720. Epoch 59
process: 350 / 720. Epoch 59
process: 400 / 720. Epoch 59
process: 450 / 720. Epoch 59
process: 500 / 720. Epoch 59
process: 550 / 720. Epoch 59
process: 600 / 720. Epoch 59
process: 650 / 720. Epoch 59
process: 700 / 720. Epoch 59
process: 720 / 720. Epoch 59
Loss of epoch 59 = 243.25672735273838, which is 0.3378565657676922 per case
Time use: 16027
process: 50 / 720. Epoch 60
process: 100 / 720. Epoch 60
process: 150 / 720. Epoch 60
process: 200 / 720. Epoch 60
process: 250 / 720. Epoch 60
process: 300 / 720. Epoch 60
process: 350 / 720. Epoch 60
process: 400 / 720. Epoch 60
process: 450 / 720. Epoch 60
process: 500 / 720. Epoch 60
process: 550 / 720. Epoch 60
process: 600 / 720. Epoch 60
process: 650 / 720. Epoch 60
process: 700 / 720. Epoch 60
process: 720 / 720. Epoch 60
Loss of epoch 60 = 243.90166966617107, which is 0.33875231898079317 per case
Time use: 16301
process: 50 / 720. Epoch 61
process: 100 / 720. Epoch 61
process: 150 / 720. Epoch 61
process: 200 / 720. Epoch 61
process: 250 / 720. Epoch 61
process: 300 / 720. Epoch 61
process: 350 / 720. Epoch 61
process: 400 / 720. Epoch 61
process: 450 / 720. Epoch 61
process: 500 / 720. Epoch 61
process: 550 / 720. Epoch 61
process: 600 / 720. Epoch 61
process: 650 / 720. Epoch 61
process: 700 / 720. Epoch 61
process: 720 / 720. Epoch 61
Loss of epoch 61 = 238.1888917684555, which is 0.330817905233966 per case
Time use: 16574
process: 50 / 720. Epoch 62
process: 100 / 720. Epoch 62
process: 150 / 720. Epoch 62
process: 200 / 720. Epoch 62
process: 250 / 720. Epoch 62
process: 300 / 720. Epoch 62
process: 350 / 720. Epoch 62
process: 400 / 720. Epoch 62
process: 450 / 720. Epoch 62
process: 500 / 720. Epoch 62
process: 550 / 720. Epoch 62
process: 600 / 720. Epoch 62
process: 650 / 720. Epoch 62
process: 700 / 720. Epoch 62
process: 720 / 720. Epoch 62
Loss of epoch 62 = 228.1272860020399, which is 0.316843452780611 per case
Time use: 16848
process: 50 / 720. Epoch 63